<?xml version="1.0" encoding="UTF-8"?>
<!-- Generated by org.testng.reporters.JUnitReportReporter -->
<testsuite skipped="0" hostname="TVT-A-EC-735" name="AgentuiLatest8.AgentuiLatest8.Test_Base" tests="11" failures="0" timestamp="24 Jan 2020 11:53:49 GMT" time="169.952" errors="0">
  <testcase name="AgentLogin" time="47.809" classname="AgentuiLatest8.AgentuiLatest8.Test_Base"/>
  <testcase name="Ready_button" time="2.735" classname="AgentuiLatest8.AgentuiLatest8.Test_Base"/>
  <testcase name="preview_test" time="3.206" classname="AgentuiLatest8.AgentuiLatest8.Test_Base"/>
  <testcase name="progressive_test" time="2.541" classname="AgentuiLatest8.AgentuiLatest8.Test_Base"/>
  <testcase name="break_Test" time="2.779" classname="AgentuiLatest8.AgentuiLatest8.Test_Base"/>
  <testcase name="back_Test" time="3.167" classname="AgentuiLatest8.AgentuiLatest8.Test_Base"/>
  <testcase name="auto_mode" time="4.437" classname="AgentuiLatest8.AgentuiLatest8.Test_Base"/>
  <testcase name="Reset_auto" time="2.554" classname="AgentuiLatest8.AgentuiLatest8.Test_Base"/>
  <testcase name="Call_test" time="83.875" classname="AgentuiLatest8.AgentuiLatest8.Test_Base"/>
  <testcase name="Redial" time="13.636" classname="AgentuiLatest8.AgentuiLatest8.Test_Base"/>
  <testcase name="log" time="3.213" classname="AgentuiLatest8.AgentuiLatest8.Test_Base"/>
</testsuite> <!-- AgentuiLatest8.AgentuiLatest8.Test_Base -->
