<?xml version="1.0" encoding="UTF-8"?>
<!-- Generated by org.testng.reporters.JUnitReportReporter -->
<testsuite skipped="0" hostname="TVT-A-EC-735" name="AgentuiLatest.AgentuiLatest.Test_Base" tests="1" failures="0" timestamp="21 Jan 2020 06:00:59 GMT" time="47.574" errors="0">
  <testcase name="AgentLogin" time="47.574" classname="AgentuiLatest.AgentuiLatest.Test_Base"/>
</testsuite> <!-- AgentuiLatest.AgentuiLatest.Test_Base -->
